[debug] [2023-10-13T21:22:06.627Z] ----------------------------------------------------------------------
[debug] [2023-10-13T21:22:06.629Z] Command:       C:\Program Files\nodejs\node.exe C:\Users\Kirk\AppData\Roaming\npm\node_modules\firebase-tools\lib\bin\firebase.js login
[debug] [2023-10-13T21:22:06.630Z] CLI Version:   12.7.0
[debug] [2023-10-13T21:22:06.630Z] Platform:      win32
[debug] [2023-10-13T21:22:06.630Z] Node Version:  v20.1.0
[debug] [2023-10-13T21:22:06.630Z] Time:          Fri Oct 13 2023 21:22:06 GMT+0000 (Coordinated Universal Time)
[debug] [2023-10-13T21:22:06.630Z] ----------------------------------------------------------------------
[debug] 
[debug] [2023-10-13T21:22:06.635Z] >>> [apiv2][query] GET https://firebase-public.firebaseio.com/cli.json [none]
[info] Already logged in as katamansokirk@gmail.com
[debug] [2023-10-13T21:22:14.136Z] Error: Timed out.
    at Timeout.<anonymous> (C:\Users\Kirk\AppData\Roaming\npm\node_modules\firebase-tools\lib\utils.js:254:49)
    at listOnTimeout (node:internal/timers:573:17)
    at process.processTimers (node:internal/timers:514:7)
[error] 
[error] Error: An unexpected error has occurred.
[debug] [2023-10-13T21:22:14.316Z] <<< [apiv2][status] GET https://firebase-public.firebaseio.com/cli.json 200
[debug] [2023-10-13T21:22:14.317Z] <<< [apiv2][body] GET https://firebase-public.firebaseio.com/cli.json {"cloudBuildErrorAfter":1594252800000,"cloudBuildWarnAfter":1590019200000,"defaultNode10After":1594252800000,"minVersion":"3.0.5","node8DeploysDisabledAfter":1613390400000,"node8RuntimeDisabledAfter":1615809600000,"node8WarnAfter":1600128000000}
[debug] [2023-10-13T21:23:52.193Z] ----------------------------------------------------------------------
[debug] [2023-10-13T21:23:52.196Z] Command:       C:\Program Files\nodejs\node.exe C:\Users\Kirk\AppData\Roaming\npm\node_modules\firebase-tools\lib\bin\firebase.js init
[debug] [2023-10-13T21:23:52.196Z] CLI Version:   12.7.0
[debug] [2023-10-13T21:23:52.196Z] Platform:      win32
[debug] [2023-10-13T21:23:52.196Z] Node Version:  v20.1.0
[debug] [2023-10-13T21:23:52.196Z] Time:          Fri Oct 13 2023 21:23:52 GMT+0000 (Coordinated Universal Time)
[debug] [2023-10-13T21:23:52.196Z] ----------------------------------------------------------------------
[debug] 
[debug] [2023-10-13T21:23:52.206Z] > command requires scopes: ["email","openid","https://www.googleapis.com/auth/cloudplatformprojects.readonly","https://www.googleapis.com/auth/firebase","https://www.googleapis.com/auth/cloud-platform"]
[debug] [2023-10-13T21:23:52.206Z] > authorizing via signed-in user (katamansokirk@gmail.com)
[info] 
     ######## #### ########  ######## ########     ###     ######  ########
     ##        ##  ##     ## ##       ##     ##  ##   ##  ##       ##
     ######    ##  ########  ######   ########  #########  ######  ######
     ##        ##  ##    ##  ##       ##     ## ##     ##       ## ##
     ##       #### ##     ## ######## ########  ##     ##  ######  ########

You're about to initialize a Firebase project in this directory:

  C:\Users\Kirk\Desktop\ReactProjects\telex

[info] 
=== Project Setup
[info] 
[info] First, let's associate this project directory with a Firebase project.
[info] You can create multiple project aliases by running firebase use --add, 
[info] but for now we'll just set up a default project.
[info] 
[debug] [2023-10-13T21:24:35.179Z] > refreshing access token with scopes: []
[debug] [2023-10-13T21:24:35.185Z] >>> [apiv2][query] POST https://www.googleapis.com/oauth2/v3/token [none]
[debug] [2023-10-13T21:24:35.185Z] >>> [apiv2][body] POST https://www.googleapis.com/oauth2/v3/token [omitted]
[debug] [2023-10-13T21:24:36.149Z] <<< [apiv2][status] POST https://www.googleapis.com/oauth2/v3/token 200
[debug] [2023-10-13T21:24:36.150Z] <<< [apiv2][body] POST https://www.googleapis.com/oauth2/v3/token [omitted]
[debug] [2023-10-13T21:24:36.166Z] >>> [apiv2][query] GET https://firebase.googleapis.com/v1beta1/projects pageSize=100
[debug] [2023-10-13T21:24:37.986Z] <<< [apiv2][status] GET https://firebase.googleapis.com/v1beta1/projects 200
[debug] [2023-10-13T21:24:37.987Z] <<< [apiv2][body] GET https://firebase.googleapis.com/v1beta1/projects [omitted]
[info] i  Using project react-project-1f3a2 (react-project) 
[info] 
=== Hosting Setup
[info] 
[info] Your public directory is the folder (relative to your project directory) that
[info] will contain Hosting assets to be uploaded with firebase deploy. If you
[info] have a build process for your assets, use your build's output directory.
[info] 
[info] +  Wrote public/404.html 
[debug] [2023-10-13T21:26:19.092Z] >>> [apiv2][query] GET https://www.gstatic.com/firebasejs/releases.json [none]
[debug] [2023-10-13T21:26:30.319Z] *** [apiv2] error from fetch(https://www.gstatic.com/firebasejs/releases.json, {"headers":{},"method":"GET"}): FetchError: request to https://www.gstatic.com/firebasejs/releases.json failed, reason: getaddrinfo ENOTFOUND www.gstatic.com
[debug] [2023-10-13T21:26:35.327Z] Error: Timed out.
    at Timeout._onTimeout (C:\Users\Kirk\AppData\Roaming\npm\node_modules\firebase-tools\lib\utils.js:254:49)
    at listOnTimeout (node:internal/timers:573:17)
    at process.processTimers (node:internal/timers:514:7)
[error] 
[error] Error: An unexpected error has occurred.
[debug] [2023-10-13T21:26:53.917Z] ----------------------------------------------------------------------
[debug] [2023-10-13T21:26:53.920Z] Command:       C:\Program Files\nodejs\node.exe C:\Users\Kirk\AppData\Roaming\npm\node_modules\firebase-tools\lib\bin\firebase.js init
[debug] [2023-10-13T21:26:53.920Z] CLI Version:   12.7.0
[debug] [2023-10-13T21:26:53.921Z] Platform:      win32
[debug] [2023-10-13T21:26:53.921Z] Node Version:  v20.1.0
[debug] [2023-10-13T21:26:53.921Z] Time:          Fri Oct 13 2023 21:26:53 GMT+0000 (Coordinated Universal Time)
[debug] [2023-10-13T21:26:53.921Z] ----------------------------------------------------------------------
[debug] 
[debug] [2023-10-13T21:26:53.933Z] > command requires scopes: ["email","openid","https://www.googleapis.com/auth/cloudplatformprojects.readonly","https://www.googleapis.com/auth/firebase","https://www.googleapis.com/auth/cloud-platform"]
[debug] [2023-10-13T21:26:53.934Z] > authorizing via signed-in user (katamansokirk@gmail.com)
[info] 
     ######## #### ########  ######## ########     ###     ######  ########
     ##        ##  ##     ## ##       ##     ##  ##   ##  ##       ##
     ######    ##  ########  ######   ########  #########  ######  ######
     ##        ##  ##    ##  ##       ##     ## ##     ##       ## ##
     ##       #### ##     ## ######## ########  ##     ##  ######  ########

You're about to initialize a Firebase project in this directory:

  C:\Users\Kirk\Desktop\ReactProjects\telex

[info] 
=== Project Setup
[info] 
[info] First, let's associate this project directory with a Firebase project.
[info] You can create multiple project aliases by running firebase use --add, 
[info] but for now we'll just set up a default project.
[info] 
[debug] [2023-10-13T21:27:07.077Z] >>> [apiv2][query] GET https://firebase.googleapis.com/v1beta1/projects pageSize=100
[debug] [2023-10-13T21:27:09.718Z] *** [apiv2] error from fetch(https://firebase.googleapis.com/v1beta1/projects?pageSize=100, {"headers":{},"method":"GET","signal":{}}): FetchError: request to https://firebase.googleapis.com/v1beta1/projects?pageSize=100 failed, reason: Socket connection timeout
[debug] [2023-10-13T21:27:09.719Z] Failed to make request to https://firebase.googleapis.com/v1beta1/projects?pageSize=100
[debug] [2023-10-13T21:27:10.454Z] FirebaseError: Failed to make request to https://firebase.googleapis.com/v1beta1/projects?pageSize=100
    at RetryOperation._fn (C:\Users\Kirk\AppData\Roaming\npm\node_modules\firebase-tools\lib\apiv2.js:239:31)
    at process.processTicksAndRejections (node:internal/process/task_queues:95:5)
[error] 
[error] Error: Failed to list Firebase projects. See firebase-debug.log for more info.
[debug] [2023-10-13T21:27:20.342Z] ----------------------------------------------------------------------
[debug] [2023-10-13T21:27:20.345Z] Command:       C:\Program Files\nodejs\node.exe C:\Users\Kirk\AppData\Roaming\npm\node_modules\firebase-tools\lib\bin\firebase.js init
[debug] [2023-10-13T21:27:20.345Z] CLI Version:   12.7.0
[debug] [2023-10-13T21:27:20.345Z] Platform:      win32
[debug] [2023-10-13T21:27:20.346Z] Node Version:  v20.1.0
[debug] [2023-10-13T21:27:20.346Z] Time:          Fri Oct 13 2023 21:27:20 GMT+0000 (Coordinated Universal Time)
[debug] [2023-10-13T21:27:20.346Z] ----------------------------------------------------------------------
[debug] 
[debug] [2023-10-13T21:27:20.357Z] > command requires scopes: ["email","openid","https://www.googleapis.com/auth/cloudplatformprojects.readonly","https://www.googleapis.com/auth/firebase","https://www.googleapis.com/auth/cloud-platform"]
[debug] [2023-10-13T21:27:20.358Z] > authorizing via signed-in user (katamansokirk@gmail.com)
[info] 
     ######## #### ########  ######## ########     ###     ######  ########
     ##        ##  ##     ## ##       ##     ##  ##   ##  ##       ##
     ######    ##  ########  ######   ########  #########  ######  ######
     ##        ##  ##    ##  ##       ##     ## ##     ##       ## ##
     ##       #### ##     ## ######## ########  ##     ##  ######  ########

You're about to initialize a Firebase project in this directory:

  C:\Users\Kirk\Desktop\ReactProjects\telex

[info] 
=== Project Setup
[info] 
[info] First, let's associate this project directory with a Firebase project.
[info] You can create multiple project aliases by running firebase use --add, 
[info] but for now we'll just set up a default project.
[info] 
[debug] [2023-10-13T21:27:27.072Z] >>> [apiv2][query] GET https://firebase.googleapis.com/v1beta1/projects pageSize=100
[debug] [2023-10-13T21:27:27.902Z] <<< [apiv2][status] GET https://firebase.googleapis.com/v1beta1/projects 200
[debug] [2023-10-13T21:27:27.902Z] <<< [apiv2][body] GET https://firebase.googleapis.com/v1beta1/projects [omitted]
[info] i  Using project react-project-1f3a2 (react-project) 
[info] 
=== Hosting Setup
[info] 
[info] Your public directory is the folder (relative to your project directory) that
[info] will contain Hosting assets to be uploaded with firebase deploy. If you
[info] have a build process for your assets, use your build's output directory.
[info] 
[info] +  Wrote public/404.html 
[debug] [2023-10-13T21:27:39.703Z] >>> [apiv2][query] GET https://www.gstatic.com/firebasejs/releases.json [none]
[debug] [2023-10-13T21:27:40.136Z] <<< [apiv2][status] GET https://www.gstatic.com/firebasejs/releases.json 200
[debug] [2023-10-13T21:27:40.136Z] <<< [apiv2][body] GET https://www.gstatic.com/firebasejs/releases.json {"current":{"version":"10.5.0","browserURL":"https://www.gstatic.com/firebasejs/10.5.0/firebase.js","packageURL":"https://www.gstatic.com/firebasejs/10.5.0/firebase.tgz"},"live":{"version":"10.5","browserURL":"https://www.gstatic.com/firebasejs/live/10.5/firebase.js","packageURL":"https://www.gstatic.com/firebasejs/live/10.5/firebase.tgz"},"components":{"analytics":"https://www.gstatic.com/firebasejs/10.5.0/firebase-analytics.js","app":"https://www.gstatic.com/firebasejs/10.5.0/firebase-app.js","app-check":"https://www.gstatic.com/firebasejs/10.5.0/firebase-app-check.js","auth":"https://www.gstatic.com/firebasejs/10.5.0/firebase-auth.js","auth/cordova":"https://www.gstatic.com/firebasejs/10.5.0/firebase-auth/cordova.js","functions":"https://www.gstatic.com/firebasejs/10.5.0/firebase-functions.js","firestore":"https://www.gstatic.com/firebasejs/10.5.0/firebase-firestore.js","firestore/lite":"https://www.gstatic.com/firebasejs/10.5.0/firebase-firestore/lite.js","installations":"https://www.gstatic.com/firebasejs/10.5.0/firebase-installations.js","storage":"https://www.gstatic.com/firebasejs/10.5.0/firebase-storage.js","performance":"https://www.gstatic.com/firebasejs/10.5.0/firebase-performance.js","remote-config":"https://www.gstatic.com/firebasejs/10.5.0/firebase-remote-config.js","messaging":"https://www.gstatic.com/firebasejs/10.5.0/firebase-messaging.js","messaging/sw":"https://www.gstatic.com/firebasejs/10.5.0/firebase-messaging/sw.js","database":"https://www.gstatic.com/firebasejs/10.5.0/firebase-database.js","firestore.memory":"https://www.gstatic.com/firebasejs/10.5.0/firebase-firestore.memory.js"}}
[info] i  Skipping write of public/index.html 
[info] 
[info] i  Detected a .git folder at C:\Users\Kirk\Desktop\ReactProjects\telex 
[info] i  Authorizing with GitHub to upload your service account to a GitHub repository's secrets store. 
[info] 
[info] Visit this URL on this device to log in:
[info] https://github.com/login/oauth/authorize?client_id=89cf50f02ac6aaed3484&state=280022855&redirect_uri=http%3A%2F%2Flocalhost%3A9005&scope=read%3Auser%20repo%20public_repo
[info] 
[info] Waiting for authentication...
[debug] [2023-10-13T21:28:50.034Z] >>> [apiv2][query] POST https://github.com/login/oauth/access_token [none]
[debug] [2023-10-13T21:28:50.034Z] >>> [apiv2][body] POST https://github.com/login/oauth/access_token [stream]
[debug] [2023-10-13T21:28:51.122Z] <<< [apiv2][status] POST https://github.com/login/oauth/access_token 200
[debug] [2023-10-13T21:28:51.122Z] <<< [apiv2][body] POST https://github.com/login/oauth/access_token {"access_token":"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","token_type":"bearer","scope":"read:user,repo"}
[debug] [2023-10-13T21:28:51.299Z] >>> [apiv2][query] GET https://api.github.com/user [none]
[debug] [2023-10-13T21:28:52.273Z] <<< [apiv2][status] GET https://api.github.com/user 200
[debug] [2023-10-13T21:28:52.273Z] <<< [apiv2][body] GET https://api.github.com/user {"login":"Adjanour","id":67477333,"node_id":"MDQ6VXNlcjY3NDc3MzMz","avatar_url":"https://avatars.githubusercontent.com/u/67477333?v=4","gravatar_id":"","url":"https://api.github.com/users/Adjanour","html_url":"https://github.com/Adjanour","followers_url":"https://api.github.com/users/Adjanour/followers","following_url":"https://api.github.com/users/Adjanour/following{/other_user}","gists_url":"https://api.github.com/users/Adjanour/gists{/gist_id}","starred_url":"https://api.github.com/users/Adjanour/starred{/owner}{/repo}","subscriptions_url":"https://api.github.com/users/Adjanour/subscriptions","organizations_url":"https://api.github.com/users/Adjanour/orgs","repos_url":"https://api.github.com/users/Adjanour/repos","events_url":"https://api.github.com/users/Adjanour/events{/privacy}","received_events_url":"https://api.github.com/users/Adjanour/received_events","type":"User","site_admin":false,"name":"YOUNG KIRK","company":"Salem Inc.","blog":"","location":null,"email":"adjanour@icloud.com","hireable":null,"bio":"Interested in Software development and The future of Computers and IT on the \r\nAfrican continent","twitter_username":null,"public_repos":33,"public_gists":0,"followers":11,"following":15,"created_at":"2020-06-26T16:38:41Z","updated_at":"2023-09-26T11:58:30Z","private_gists":0,"total_private_repos":5,"owned_private_repos":5,"disk_usage":37276,"collaborators":0,"two_factor_authentication":false,"plan":{"name":"pro","space":976562499,"collaborators":0,"private_repos":9999}}
[info] 
[info] +  Success! Logged into GitHub as Adjanour 
[info] 
